<?xml version="1.0" encoding="UTF-8"?>
<!-- Generated by org.testng.reporters.JUnitXMLReporter -->
<testsuite ignored="0" hostname="DESKTOP-2PS1LQ1" failures="0" tests="6" name="Surefire test" time="0.096" errors="0" timestamp="2020-03-11T22:30:22 IST">
  <testcase classname="qaclickacademy.AppiumTest" name="InternetBrowser" time="0.01"/>
  <testcase classname="qaclickacademy.AppiumTest" name="Mobiletesting" time="0.001"/>
  <testcase classname="qaclickacademy.RestApiTest" name="APIPage" time="0.0"/>
  <testcase classname="qaclickacademy.RestApiTest" name="LinuxPage" time="0.001"/>
  <testcase classname="qaclickacademy.SeleniumTest" name="HomePage" time="0.0"/>
  <testcase classname="qaclickacademy.SeleniumTest" name="LoginPage" time="0.001"/>
</testsuite> <!-- Surefire test -->
