<?xml version="1.0" encoding="UTF-8"?>
<!-- Generated by org.testng.reporters.JUnitXMLReporter -->
<testsuite ignored="0" hostname="DESKTOP-2PS1LQ1" failures="0" tests="6" name="Test" time="0.144" errors="0" timestamp="2020-03-11T20:36:16 IST">
  <testcase classname="qaclickacademy.AppiumTest" name="InternetBrowser" time="0.02"/>
  <testcase classname="qaclickacademy.AppiumTest" name="Mobiletesting" time="0.009"/>
  <testcase classname="qaclickacademy.SeleniumTest" name="HomePage" time="0.002"/>
  <testcase classname="qaclickacademy.SeleniumTest" name="LoginPage" time="0.002"/>
  <testcase classname="qaclickacademy.RestApiTest" name="APIPage" time="0.002"/>
  <testcase classname="qaclickacademy.RestApiTest" name="LinuxPage" time="0.002"/>
</testsuite> <!-- Test -->
