<?xml version="1.0" encoding="UTF-8"?>
<testsuite xmlns:xsi="http://www.w3.org/2001/XMLSchema-instance" xsi:noNamespaceSchemaLocation="https://maven.apache.org/surefire/maven-surefire-plugin/xsd/surefire-test-report-3.0.xsd" version="3.0" name="TestSuite" time="1.221" tests="6" errors="0" skipped="0" failures="0">
  <properties>
[...]
</properties>
  <testcase name="InternetBrowser" classname="qaclickacademy.AppiumTest" time="0.113"/>
  <testcase name="Mobiletesting" classname="qaclickacademy.AppiumTest" time="0.174"/>
  <testcase name="HomePage" classname="qaclickacademy.SeleniumTest" time="0.056"/>
  <testcase name="LoginPage" classname="qaclickacademy.SeleniumTest" time="0.002"/>
  <testcase name="APIPage" classname="qaclickacademy.RestApiTest" time="0.003"/>
  <testcase name="LinuxPage" classname="qaclickacademy.RestApiTest" time="0.002"/>
</testsuite>