<?xml version="1.0" encoding="UTF-8"?>
<testng-results ignored="0" total="6" passed="6" failed="0" skipped="0">
  <reporter-output>
  </reporter-output>
  <suite started-at="2020-03-11T20:36:16 IST" name="Suite" finished-at="2020-03-11T20:36:16 IST" duration-ms="144">
    <groups>
    </groups>
    <test started-at="2020-03-11T20:36:16 IST" name="Test" finished-at="2020-03-11T20:36:16 IST" duration-ms="144">
      <class name="qaclickacademy.AppiumTest">
        <test-method signature="InternetBrowser()[pri:0, instance:qaclickacademy.AppiumTest@6ac13091]" started-at="2020-03-11T20:36:16 IST" name="InternetBrowser" finished-at="2020-03-11T20:36:16 IST" duration-ms="20" status="PASS">
          <reporter-output>
          </reporter-output>
        </test-method> <!-- InternetBrowser -->
        <test-method signature="Mobiletesting()[pri:0, instance:qaclickacademy.AppiumTest@6ac13091]" started-at="2020-03-11T20:36:16 IST" name="Mobiletesting" finished-at="2020-03-11T20:36:16 IST" duration-ms="9" status="PASS">
          <reporter-output>
          </reporter-output>
        </test-method> <!-- Mobiletesting -->
      </class> <!-- qaclickacademy.AppiumTest -->
      <class name="qaclickacademy.SeleniumTest">
        <test-method signature="HomePage()[pri:0, instance:qaclickacademy.SeleniumTest@5e316c74]" started-at="2020-03-11T20:36:16 IST" name="HomePage" finished-at="2020-03-11T20:36:16 IST" duration-ms="2" status="PASS">
          <reporter-output>
          </reporter-output>
        </test-method> <!-- HomePage -->
        <test-method signature="LoginPage()[pri:0, instance:qaclickacademy.SeleniumTest@5e316c74]" started-at="2020-03-11T20:36:16 IST" name="LoginPage" finished-at="2020-03-11T20:36:16 IST" duration-ms="2" status="PASS">
          <reporter-output>
          </reporter-output>
        </test-method> <!-- LoginPage -->
      </class> <!-- qaclickacademy.SeleniumTest -->
      <class name="qaclickacademy.RestApiTest">
        <test-method signature="APIPage()[pri:0, instance:qaclickacademy.RestApiTest@6d2a209c]" started-at="2020-03-11T20:36:16 IST" name="APIPage" finished-at="2020-03-11T20:36:16 IST" duration-ms="2" status="PASS">
          <reporter-output>
          </reporter-output>
        </test-method> <!-- APIPage -->
        <test-method signature="LinuxPage()[pri:0, instance:qaclickacademy.RestApiTest@6d2a209c]" started-at="2020-03-11T20:36:16 IST" name="LinuxPage" finished-at="2020-03-11T20:36:16 IST" duration-ms="2" status="PASS">
          <reporter-output>
          </reporter-output>
        </test-method> <!-- LinuxPage -->
      </class> <!-- qaclickacademy.RestApiTest -->
    </test> <!-- Test -->
  </suite> <!-- Suite -->
</testng-results>
